[01:29:39] [ServerMain/INFO]: Environment: Environment[sessionHost=https://sessionserver.mojang.com, servicesHost=https://api.minecraftservices.com, name=PROD]
[01:29:41] [ServerMain/INFO]: Loaded 1407 recipes
[01:29:41] [ServerMain/INFO]: Loaded 1520 advancements
[01:29:42] [Server thread/INFO]: Starting minecraft server version 1.21.8
[01:29:42] [Server thread/INFO]: Loading properties
[01:29:42] [Server thread/INFO]: Default game type: SURVIVAL
[01:29:42] [Server thread/INFO]: Generating keypair
[01:29:42] [Server thread/INFO]: Starting Minecraft server on *:25565
[01:29:42] [Server thread/INFO]: Using epoll channel type
[01:29:42] [Server thread/WARN]: **** SERVER IS RUNNING IN OFFLINE/INSECURE MODE!
[01:29:42] [Server thread/WARN]: The server will make no attempt to authenticate usernames. Beware.
[01:29:42] [Server thread/WARN]: While this makes the game possible to play without internet access, it also opens up the ability for hackers to connect with any username they choose.
[01:29:42] [Server thread/WARN]: To change this, set "online-mode" to "true" in the server.properties file.
[01:29:42] [Server thread/INFO]: Preparing level "world"
[01:29:42] [Server thread/INFO]: Preparing start region for dimension minecraft:overworld
[01:29:46] [Worker-Main-1/INFO]: Preparing spawn area: 0%
[01:29:46] [Worker-Main-1/INFO]: Preparing spawn area: 0%
[01:29:46] [Worker-Main-1/INFO]: Preparing spawn area: 0%
[01:29:46] [Worker-Main-1/INFO]: Preparing spawn area: 0%
[01:29:46] [Worker-Main-1/INFO]: Preparing spawn area: 0%
[01:29:46] [Worker-Main-1/INFO]: Preparing spawn area: 0%
[01:29:46] [Worker-Main-1/INFO]: Preparing spawn area: 0%
[01:29:46] [Worker-Main-1/INFO]: Preparing spawn area: 0%
[01:29:46] [Worker-Main-1/INFO]: Preparing spawn area: 83%
[01:29:46] [Server thread/INFO]: Time elapsed: 4056 ms
[01:29:46] [Server thread/INFO]: Done (4.379s)! For help, type "help"
[01:30:46] [Server thread/INFO]: Server empty for 60 seconds, pausing
[01:31:14] [Server thread/INFO]: 4milcar[/172.30.131.166:56216] logged in with entity id 7 at (923.7112492181376, 55.0, -162.31555681549148)
[01:31:14] [Server thread/INFO]: 4milcar joined the game
[01:31:57] [Server thread/INFO]: 4milcar lost connection: Disconnected
[01:31:57] [Server thread/INFO]: 4milcar left the game
[01:32:05] [Server thread/INFO]: 4milcar[/172.30.131.166:56234] logged in with entity id 585 at (921.3468472056179, 56.748668317420446, -172.51249998807907)
[01:32:05] [Server thread/INFO]: 4milcar joined the game
[01:32:43] [Server thread/INFO]: 4milcar lost connection: Disconnected
[01:32:43] [Server thread/INFO]: 4milcar left the game
[01:32:50] [Server thread/INFO]: 4milcar[/172.30.131.166:56238] logged in with entity id 1147 at (923.3465940278721, 70.0, -167.86051394637252)
[01:32:50] [Server thread/INFO]: 4milcar joined the game
[01:33:23] [Server thread/INFO]: Unknown or incomplete command, see below for error
[01:33:23] [Server thread/INFO]: ttitle amilcar es puta title amilcar es puta <--[HERE]
[01:33:41] [Server thread/INFO]: Unknown or incomplete command, see below for error
[01:33:41] [Server thread/INFO]: tittle amilcar es puta<--[HERE]
[01:33:50] [Server thread/INFO]: Incorrect argument for command
[01:33:50] [Server thread/INFO]: ...e amilcar es puta <--[HERE]
[01:34:00] [Server thread/INFO]: Incorrect argument for command
[01:34:00] [Server thread/INFO]: ...e amilcar es puta <--[HERE]
[01:34:11] [Server thread/INFO]: 4milcar lost connection: Disconnected
[01:34:11] [Server thread/INFO]: 4milcar left the game
[01:34:18] [Server thread/INFO]: 4milcar[/172.30.131.166:56260] logged in with entity id 1847 at (892.724746998543, 74.0, -185.34893413197398)
[01:34:18] [Server thread/INFO]: 4milcar joined the game
[01:35:45] [Server thread/INFO]: 4milcar lost connection: Disconnected
[01:35:45] [Server thread/INFO]: 4milcar left the game
[01:35:51] [Server thread/INFO]: 4milcar[/172.30.131.166:56287] logged in with entity id 2691 at (929.6917560691586, 55.0, -171.16375395542474)
[01:35:51] [Server thread/INFO]: 4milcar joined the game
[01:37:58] [Server thread/INFO]: 4milcar lost connection: Disconnected
[01:37:58] [Server thread/INFO]: 4milcar left the game
[01:38:05] [Server thread/INFO]: 4milcar[/172.30.131.166:56306] logged in with entity id 3648 at (916.4931789953532, 55.0, -164.1113276498898)
[01:38:05] [Server thread/INFO]: 4milcar joined the game
[01:40:09] [Server thread/INFO]: 4milcar lost connection: Disconnected
[01:40:09] [Server thread/INFO]: 4milcar left the game
[01:40:15] [Server thread/INFO]: 4milcar[/172.30.131.166:56329] logged in with entity id 4391 at (916.1008202069723, 55.0, -165.15323120315236)
[01:40:15] [Server thread/INFO]: 4milcar joined the game
[01:42:29] [Server thread/INFO]: 4milcar lost connection: Disconnected
[01:42:29] [Server thread/INFO]: 4milcar left the game
[01:42:35] [Server thread/INFO]: 4milcar[/172.30.131.166:56364] logged in with entity id 5163 at (924.6020213779061, 69.0, -170.17723796537592)
[01:42:35] [Server thread/INFO]: 4milcar joined the game
[01:43:19] [Server thread/INFO]: 4milcar lost connection: Disconnected
[01:43:19] [Server thread/INFO]: 4milcar left the game
[01:43:25] [Server thread/INFO]: 4milcar[/172.30.131.166:56392] logged in with entity id 5734 at (925.3195067403786, 69.5, -169.19516749821253)
[01:43:25] [Server thread/INFO]: 4milcar joined the game
[01:44:20] [Server thread/INFO]: 4milcar lost connection: Disconnected
[01:44:20] [Server thread/INFO]: 4milcar left the game
[01:44:26] [Server thread/INFO]: 4milcar[/172.30.131.166:56409] logged in with entity id 6309 at (915.4366036502989, 55.0, -164.2213906972513)
[01:44:26] [Server thread/INFO]: 4milcar joined the game
[01:45:43] [Server thread/INFO]: SirDragon3d[/172.30.129.239:56796] logged in with entity id 6928 at (864.8926314865585, 65.0, -132.9163390243926)
[01:45:43] [Server thread/INFO]: SirDragon3d joined the game
[01:46:08] [Server thread/INFO]: [Not Secure] <SirDragon3d> te sigue sacando?
[01:46:17] [Server thread/INFO]: [Not Secure] <4milcar> sisas, dentro de un rato me sacara
[01:46:26] [Server thread/INFO]: [Not Secure] <SirDragon3d> que raro
[01:46:30] [Server thread/INFO]: [Not Secure] <SirDragon3d> a mi no me saca
[01:46:34] [Server thread/INFO]: [Not Secure] <4milcar> sepa
[01:46:46] [Server thread/INFO]: [Not Secure] <4milcar> por ahora no le pares
[01:46:49] [Server thread/INFO]: 4milcar lost connection: Disconnected
[01:46:49] [Server thread/INFO]: 4milcar left the game
[01:46:57] [Server thread/INFO]: 4milcar[/172.30.131.166:56438] logged in with entity id 7255 at (917.073509679789, 55.0, -164.0883194212353)
[01:46:57] [Server thread/INFO]: 4milcar joined the game
[01:47:02] [Server thread/INFO]: [Not Secure] <4milcar> por ahora no le pares
[01:47:10] [Server thread/INFO]: [Not Secure] <4milcar> mañana se arregla
[01:47:11] [Server thread/INFO]: 4milcar lost connection: Disconnected
[01:47:11] [Server thread/INFO]: 4milcar left the game
[01:47:15] [Server thread/INFO]: [Not Secure] <SirDragon3d> si lo haces de mas de 2 bloques el golem no llega
[01:47:20] [Server thread/INFO]: 4milcar[/172.30.131.166:56452] logged in with entity id 7297 at (918.1391098575609, 55.0, -164.2119766327839)
[01:47:20] [Server thread/INFO]: 4milcar joined the game
[01:47:22] [Server thread/INFO]: [Not Secure] <SirDragon3d> si lo haces de mas de 2 bloques el golem no llega-
[01:47:28] [Server thread/INFO]: [Not Secure] <4milcar> ?
[01:47:33] [Server thread/INFO]: [Not Secure] <SirDragon3d> cofres
[01:47:43] [Server thread/INFO]: [Not Secure] <4milcar> ik
[01:47:55] [Server thread/INFO]: [Not Secure] <4milcar> quieres golems?
[01:48:58] [Server thread/INFO]: 4milcar lost connection: Disconnected
[01:48:58] [Server thread/INFO]: 4milcar left the game
[01:49:03] [Server thread/INFO]: [Not Secure] <SirDragon3d> prefieres ir al end ahora o despues de chetarnos?
[01:49:09] [Server thread/INFO]: 4milcar[/172.30.131.166:56475] logged in with entity id 7535 at (924.0022598657437, 70.0, -168.93301497117977)
[01:49:09] [Server thread/INFO]: 4milcar joined the game
[01:49:14] [Server thread/INFO]: [Not Secure] <SirDragon3d> prefieres ir al end ahora o despues de chetarnos?-
[01:49:16] [Server thread/INFO]: 4milcar lost connection: Disconnected
[01:49:16] [Server thread/INFO]: 4milcar left the game
[01:49:23] [Server thread/INFO]: 4milcar[/172.30.131.166:56486] logged in with entity id 7563 at (921.8261224154919, 69.875, -169.95028432806413)
[01:49:23] [Server thread/INFO]: 4milcar joined the game
[01:49:34] [Server thread/INFO]: [Not Secure] <SirDragon3d> prefieres ir al end ahora o despues de chetarnos?-
[01:49:39] [Server thread/INFO]: [Not Secure] <4milcar> luego
[01:49:43] [Server thread/INFO]: 4milcar lost connection: Disconnected
[01:49:43] [Server thread/INFO]: 4milcar left the game
[01:49:49] [Server thread/INFO]: 4milcar[/172.30.131.166:56501] logged in with entity id 7765 at (921.3754932565065, 70.0, -168.57145296733339)
[01:49:49] [Server thread/INFO]: 4milcar joined the game
